# ./scheduler.out < OS_PJ1_Test/FIFO_1.txt
P1 2525
P2 2526
P3 2527
P4 2528
P5 2529
# dmesg -t | tail -n5
[Project1] 2525 1492747778.005285729 1492747779.176242570
[Project1] 2526 1492747779.177173883 1492747780.430545573
[Project1] 2527 1492747780.431294812 1492747781.669597282
[Project1] 2528 1492747781.670338238 1492747782.974826448
[Project1] 2529 1492747782.975733578 1492747784.203133848

# ./scheduler.out < OS_PJ1_Test/FIFO_2.txt
P1 2539
P2 2540
P3 2541
P4 2542
# dmesg -t | tail -n4
[Project1] 2539 1492747784.208471160 1492747805.540521641
[Project1] 2540 1492747805.541443089 1492747820.131675126
[Project1] 2541 1492747820.132588870 1492747822.754359263
[Project1] 2542 1492747822.755264167 1492747825.323423224

# ./scheduler.out < OS_PJ1_Test/FIFO_3.txt
P1 2550
P2 2551
P3 2552
P4 2553
P5 2554
P6 2555
P7 2556
# dmesg -t | tail -n7
[Project1] 2550 1492747825.330630017 1492747846.364277257
[Project1] 2551 1492747846.365092396 1492747860.042893804
[Project1] 2552 1492747860.043703629 1492747867.645151454
[Project1] 2553 1492747867.645898069 1492747870.175417770
[Project1] 2554 1492747870.176829395 1492747872.801374369
[Project1] 2555 1492747872.802216509 1492747875.451187860
[Project1] 2556 1492747875.452161891 1492747887.006808932

# ./scheduler.out < OS_PJ1_Test/PSJF_1.txt
P4 2571
P3 2570
P2 2569
P1 2568
# dmesg -t | tail -n4
[Project1] 2571 1492747894.515558144 1492747902.521248792
[Project1] 2570 1492747892.015172553 1492747913.033959506
[Project1] 2569 1492747889.514854735 1492747929.013560060
[Project1] 2568 1492747887.014075118 1492747953.591421043

# ./scheduler.out < OS_PJ1_Test/PSJF_2.txt
P2 2580
P1 2579
P4 2584
P5 2585
P3 2581
# dmesg -t | tail -n5
[Project1] 2580 1492747956.104360322 1492747958.758358810
[Project1] 2579 1492747953.601418750 1492747964.192527184
[Project1] 2584 1492747966.107986510 1492747971.605122400
[Project1] 2585 1492747971.606081498 1492747974.260127090
[Project1] 2581 1492747964.193251634 1492747982.775455125

# ./scheduler.out < OS_PJ1_Test/PSJF_3.txt
P2 2593
P3 2594
P4 2596
P1 2592
# dmesg -t | tail -n4
[Project1] 2593 1492747984.032733210 1492747985.327580644
[Project1] 2594 1492747985.328350097 1492747986.667728150
[Project1] 2596 1492747986.668492349 1492747988.005023260
[Project1] 2592 1492747982.782195423 1492747992.125083761

# ./scheduler.out < OS_PJ1_Test/SJF_1.txt
P2 2603
P3 2605
P4 2606
P1 2604
# dmesg -t | tail -n4
[Project1] 2603 1492747992.132166496 1492747997.315724876
[Project1] 2605 1492747997.316480398 1492748000.035692400
[Project1] 2606 1492748000.036448521 1492748010.566933759
[Project1] 2604 1492748010.568126059 1492748029.210899387

# ./scheduler.out < OS_PJ1_Test/SJF_2.txt
P2 2614
P5 2616
P4 2615
P3 2617
P1 2618
# dmesg -t | tail -n5
[Project1] 2614 1492748029.451178196 1492748029.700146737
[Project1] 2616 1492748029.701007919 1492748030.221597142
[Project1] 2615 1492748030.222333720 1492748040.782957947
[Project1] 2617 1492748040.784815661 1492748051.805993789
[Project1] 2618 1492748051.806728817 1492748071.273790962

# ./scheduler.out < OS_PJ1_Test/SJF_3.txt
P1 2627
P4 2630
P5 2631
P6 2632
P7 2633
P2 2628
P3 2629
P8 2634
# dmesg -t | tail -n8
[Project1] 2627 1492748071.515264494 1492748079.649422688
[Project1] 2630 1492748079.650151979 1492748079.673617924
[Project1] 2631 1492748079.674385527 1492748079.697972858
[Project1] 2632 1492748079.698685783 1492748090.215488230
[Project1] 2633 1492748090.216292513 1492748100.730468777
[Project1] 2628 1492748100.731233814 1492748114.049635287
[Project1] 2629 1492748114.050566777 1492748132.243937692
[Project1] 2634 1492748132.245039116 1492748155.644351607

# ./scheduler.out < OS_PJ1_Test/RR_1.txt
P1 2697
P2 2698
P3 2699
P4 2700
P5 2701
# dmesg -t | tail -n5
[Project1] 2697 1492748155.659416607 1492748160.570466201
[Project1] 2698 1492748155.949043970 1492748161.180154437
[Project1] 2699 1492748156.304359380 1492748161.945696981
[Project1] 2700 1492748156.724847223 1492748162.020185083
[Project1] 2701 1492748157.382053203 1492748162.247812276

# ./scheduler.out < OS_PJ1_Test/RR_2.txt
P1 2710
P2 2711
# dmesg -t | tail -n2
[Project1] 2710 1492748163.639593294 1492748183.826130231
[Project1] 2711 1492748164.403321028 1492748187.065734573

# ./scheduler.out < OS_PJ1_Test/RR_3.txt
P3 2719
P1 2717
P2 2718
P6 2722
P5 2721
P4 2720
# dmesg -t | tail -n6
[Project1] 2719 1492748196.219247184 1492748239.699443572
[Project1] 2717 1492748189.839405836 1492748242.150415838
[Project1] 2718 1492748192.944046229 1492748243.641381376
[Project1] 2722 1492748204.244399761 1492748263.104633085
[Project1] 2721 1492748201.656631737 1492748266.431909497
[Project1] 2720 1492748199.720002168 1492748269.213787219
